<?xml version="1.0" encoding="UTF-8"?>
<unitTest version="1">
    <file path="C:\Kuliah\Semester 6\Proyek Perangkat Lunak\Proyek\talacare-be\src\prisma\prisma.service.spec.ts">
        <testCase name="PrismaService should be defined" duration="40"/>
    </file>
</unitTest>